ERROR - 2023-07-04 16:06:48 --> mysqli_sql_exception: Table 'ecommerce.ecommerce' doesn't exist in C:\xampp\htdocs\programadorWebAvanzado\activad-obligatoria-1\system\Database\MySQLi\Connection.php:295
Stack trace:
#0 C:\xampp\htdocs\programadorWebAvanzado\activad-obligatoria-1\system\Database\MySQLi\Connection.php(295): mysqli->query('SELECT `nombre`...', 0)
#1 C:\xampp\htdocs\programadorWebAvanzado\activad-obligatoria-1\system\Database\BaseConnection.php(692): CodeIgniter\Database\MySQLi\Connection->execute('SELECT `nombre`...')
#2 C:\xampp\htdocs\programadorWebAvanzado\activad-obligatoria-1\system\Database\BaseConnection.php(606): CodeIgniter\Database\BaseConnection->simpleQuery('SELECT `nombre`...')
#3 C:\xampp\htdocs\programadorWebAvanzado\activad-obligatoria-1\app\Controllers\Inicio.php(8): CodeIgniter\Database\BaseConnection->query('SELECT `nombre`...')
#4 C:\xampp\htdocs\programadorWebAvanzado\activad-obligatoria-1\system\CodeIgniter.php(932): App\Controllers\Inicio->index()
#5 C:\xampp\htdocs\programadorWebAvanzado\activad-obligatoria-1\system\CodeIgniter.php(497): CodeIgniter\CodeIgniter->runController(Object(App\Controllers\Inicio))
#6 C:\xampp\htdocs\programadorWebAvanzado\activad-obligatoria-1\system\CodeIgniter.php(366): CodeIgniter\CodeIgniter->handleRequest(NULL, Object(Config\Cache), false)
#7 C:\xampp\htdocs\programadorWebAvanzado\activad-obligatoria-1\public\index.php(67): CodeIgniter\CodeIgniter->run()
#8 C:\xampp\htdocs\programadorWebAvanzado\activad-obligatoria-1\system\Commands\Server\rewrite.php(47): require_once('C:\\xampp\\htdocs...')
#9 {main}
CRITICAL - 2023-07-04 16:06:48 --> Table 'ecommerce.ecommerce' doesn't exist
in SYSTEMPATH\Database\MySQLi\Connection.php on line 295.
 1 SYSTEMPATH\Database\MySQLi\Connection.php(295): mysqli->query('SELECT `nombre`,`precio`,`stock`FROM ecommerce', 0)
 2 SYSTEMPATH\Database\BaseConnection.php(692): CodeIgniter\Database\MySQLi\Connection->execute('SELECT `nombre`,`precio`,`stock`FROM ecommerce')
 3 SYSTEMPATH\Database\BaseConnection.php(606): CodeIgniter\Database\BaseConnection->simpleQuery('SELECT `nombre`,`precio`,`stock`FROM ecommerce')
 4 APPPATH\Controllers\Inicio.php(8): CodeIgniter\Database\BaseConnection->query('SELECT `nombre`,`precio`,`stock`FROM ecommerce')
 5 SYSTEMPATH\CodeIgniter.php(932): App\Controllers\Inicio->index()
 6 SYSTEMPATH\CodeIgniter.php(497): CodeIgniter\CodeIgniter->runController(Object(App\Controllers\Inicio))
 7 SYSTEMPATH\CodeIgniter.php(366): CodeIgniter\CodeIgniter->handleRequest(null, Object(Config\Cache), false)
 8 FCPATH\index.php(67): CodeIgniter\CodeIgniter->run()
 9 SYSTEMPATH\Commands\Server\rewrite.php(47): require_once('C:\\xampp\\htdocs\\programadorWebAvanzado\\activad-obligatoria-1\\public\\index.php')
CRITICAL - 2023-07-04 16:08:06 --> Object of class stdClass could not be converted to string
in APPPATH\Views\index.php on line 43.
 1 SYSTEMPATH\View\View.php(224): include()
 2 SYSTEMPATH\View\View.php(227): CodeIgniter\View\View->CodeIgniter\View\{closure}()
 3 SYSTEMPATH\Common.php(1180): CodeIgniter\View\View->render('index', [], true)
 4 APPPATH\Controllers\Inicio.php(12): view('index', [...])
 5 SYSTEMPATH\CodeIgniter.php(932): App\Controllers\Inicio->index()
 6 SYSTEMPATH\CodeIgniter.php(497): CodeIgniter\CodeIgniter->runController(Object(App\Controllers\Inicio))
 7 SYSTEMPATH\CodeIgniter.php(366): CodeIgniter\CodeIgniter->handleRequest(null, Object(Config\Cache), false)
 8 FCPATH\index.php(67): CodeIgniter\CodeIgniter->run()
 9 SYSTEMPATH\Commands\Server\rewrite.php(47): require_once('C:\\xampp\\htdocs\\programadorWebAvanzado\\activad-obligatoria-1\\public\\index.php')
CRITICAL - 2023-07-04 16:08:31 --> Object of class stdClass could not be converted to string
in APPPATH\Views\index.php on line 43.
 1 SYSTEMPATH\View\View.php(224): include()
 2 SYSTEMPATH\View\View.php(227): CodeIgniter\View\View->CodeIgniter\View\{closure}()
 3 SYSTEMPATH\Common.php(1180): CodeIgniter\View\View->render('index', [], true)
 4 APPPATH\Controllers\Inicio.php(12): view('index', [...])
 5 SYSTEMPATH\CodeIgniter.php(932): App\Controllers\Inicio->index()
 6 SYSTEMPATH\CodeIgniter.php(497): CodeIgniter\CodeIgniter->runController(Object(App\Controllers\Inicio))
 7 SYSTEMPATH\CodeIgniter.php(366): CodeIgniter\CodeIgniter->handleRequest(null, Object(Config\Cache), false)
 8 FCPATH\index.php(67): CodeIgniter\CodeIgniter->run()
 9 SYSTEMPATH\Commands\Server\rewrite.php(47): require_once('C:\\xampp\\htdocs\\programadorWebAvanzado\\activad-obligatoria-1\\public\\index.php')
CRITICAL - 2023-07-04 16:08:32 --> Object of class stdClass could not be converted to string
in APPPATH\Views\index.php on line 43.
 1 SYSTEMPATH\View\View.php(224): include()
 2 SYSTEMPATH\View\View.php(227): CodeIgniter\View\View->CodeIgniter\View\{closure}()
 3 SYSTEMPATH\Common.php(1180): CodeIgniter\View\View->render('index', [], true)
 4 APPPATH\Controllers\Inicio.php(12): view('index', [...])
 5 SYSTEMPATH\CodeIgniter.php(932): App\Controllers\Inicio->index()
 6 SYSTEMPATH\CodeIgniter.php(497): CodeIgniter\CodeIgniter->runController(Object(App\Controllers\Inicio))
 7 SYSTEMPATH\CodeIgniter.php(366): CodeIgniter\CodeIgniter->handleRequest(null, Object(Config\Cache), false)
 8 FCPATH\index.php(67): CodeIgniter\CodeIgniter->run()
 9 SYSTEMPATH\Commands\Server\rewrite.php(47): require_once('C:\\xampp\\htdocs\\programadorWebAvanzado\\activad-obligatoria-1\\public\\index.php')
CRITICAL - 2023-07-04 16:12:28 --> Cannot use object of type stdClass as array
in APPPATH\Views\index.php on line 43.
 1 SYSTEMPATH\View\View.php(224): include()
 2 SYSTEMPATH\View\View.php(227): CodeIgniter\View\View->CodeIgniter\View\{closure}()
 3 SYSTEMPATH\Common.php(1180): CodeIgniter\View\View->render('index', [], true)
 4 APPPATH\Controllers\Inicio.php(12): view('index', [...])
 5 SYSTEMPATH\CodeIgniter.php(932): App\Controllers\Inicio->index()
 6 SYSTEMPATH\CodeIgniter.php(497): CodeIgniter\CodeIgniter->runController(Object(App\Controllers\Inicio))
 7 SYSTEMPATH\CodeIgniter.php(366): CodeIgniter\CodeIgniter->handleRequest(null, Object(Config\Cache), false)
 8 FCPATH\index.php(67): CodeIgniter\CodeIgniter->run()
 9 SYSTEMPATH\Commands\Server\rewrite.php(47): require_once('C:\\xampp\\htdocs\\programadorWebAvanzado\\activad-obligatoria-1\\public\\index.php')
CRITICAL - 2023-07-04 16:13:00 --> Cannot use object of type stdClass as array
in APPPATH\Views\index.php on line 43.
 1 SYSTEMPATH\View\View.php(224): include()
 2 SYSTEMPATH\View\View.php(227): CodeIgniter\View\View->CodeIgniter\View\{closure}()
 3 SYSTEMPATH\Common.php(1180): CodeIgniter\View\View->render('index', [], true)
 4 APPPATH\Controllers\Inicio.php(12): view('index', [...])
 5 SYSTEMPATH\CodeIgniter.php(932): App\Controllers\Inicio->index()
 6 SYSTEMPATH\CodeIgniter.php(497): CodeIgniter\CodeIgniter->runController(Object(App\Controllers\Inicio))
 7 SYSTEMPATH\CodeIgniter.php(366): CodeIgniter\CodeIgniter->handleRequest(null, Object(Config\Cache), false)
 8 FCPATH\index.php(67): CodeIgniter\CodeIgniter->run()
 9 SYSTEMPATH\Commands\Server\rewrite.php(47): require_once('C:\\xampp\\htdocs\\programadorWebAvanzado\\activad-obligatoria-1\\public\\index.php')
CRITICAL - 2023-07-04 16:13:01 --> Cannot use object of type stdClass as array
in APPPATH\Views\index.php on line 43.
 1 SYSTEMPATH\View\View.php(224): include()
 2 SYSTEMPATH\View\View.php(227): CodeIgniter\View\View->CodeIgniter\View\{closure}()
 3 SYSTEMPATH\Common.php(1180): CodeIgniter\View\View->render('index', [], true)
 4 APPPATH\Controllers\Inicio.php(12): view('index', [...])
 5 SYSTEMPATH\CodeIgniter.php(932): App\Controllers\Inicio->index()
 6 SYSTEMPATH\CodeIgniter.php(497): CodeIgniter\CodeIgniter->runController(Object(App\Controllers\Inicio))
 7 SYSTEMPATH\CodeIgniter.php(366): CodeIgniter\CodeIgniter->handleRequest(null, Object(Config\Cache), false)
 8 FCPATH\index.php(67): CodeIgniter\CodeIgniter->run()
 9 SYSTEMPATH\Commands\Server\rewrite.php(47): require_once('C:\\xampp\\htdocs\\programadorWebAvanzado\\activad-obligatoria-1\\public\\index.php')
CRITICAL - 2023-07-04 16:13:01 --> Cannot use object of type stdClass as array
in APPPATH\Views\index.php on line 43.
 1 SYSTEMPATH\View\View.php(224): include()
 2 SYSTEMPATH\View\View.php(227): CodeIgniter\View\View->CodeIgniter\View\{closure}()
 3 SYSTEMPATH\Common.php(1180): CodeIgniter\View\View->render('index', [], true)
 4 APPPATH\Controllers\Inicio.php(12): view('index', [...])
 5 SYSTEMPATH\CodeIgniter.php(932): App\Controllers\Inicio->index()
 6 SYSTEMPATH\CodeIgniter.php(497): CodeIgniter\CodeIgniter->runController(Object(App\Controllers\Inicio))
 7 SYSTEMPATH\CodeIgniter.php(366): CodeIgniter\CodeIgniter->handleRequest(null, Object(Config\Cache), false)
 8 FCPATH\index.php(67): CodeIgniter\CodeIgniter->run()
 9 SYSTEMPATH\Commands\Server\rewrite.php(47): require_once('C:\\xampp\\htdocs\\programadorWebAvanzado\\activad-obligatoria-1\\public\\index.php')
CRITICAL - 2023-07-04 16:13:02 --> Cannot use object of type stdClass as array
in APPPATH\Views\index.php on line 43.
 1 SYSTEMPATH\View\View.php(224): include()
 2 SYSTEMPATH\View\View.php(227): CodeIgniter\View\View->CodeIgniter\View\{closure}()
 3 SYSTEMPATH\Common.php(1180): CodeIgniter\View\View->render('index', [], true)
 4 APPPATH\Controllers\Inicio.php(12): view('index', [...])
 5 SYSTEMPATH\CodeIgniter.php(932): App\Controllers\Inicio->index()
 6 SYSTEMPATH\CodeIgniter.php(497): CodeIgniter\CodeIgniter->runController(Object(App\Controllers\Inicio))
 7 SYSTEMPATH\CodeIgniter.php(366): CodeIgniter\CodeIgniter->handleRequest(null, Object(Config\Cache), false)
 8 FCPATH\index.php(67): CodeIgniter\CodeIgniter->run()
 9 SYSTEMPATH\Commands\Server\rewrite.php(47): require_once('C:\\xampp\\htdocs\\programadorWebAvanzado\\activad-obligatoria-1\\public\\index.php')
CRITICAL - 2023-07-04 16:57:07 --> Undefined property: stdClass::$ruta_imagen
in APPPATH\Views\index.php on line 44.
 1 APPPATH\Views\index.php(44): CodeIgniter\Debug\Exceptions->errorHandler(2, 'Undefined property: stdClass::$ruta_imagen', 'C:\\xampp\\htdocs\\programadorWebAvanzado\\activad-obligatoria-1\\app\\Views\\index.php', 44)
 2 SYSTEMPATH\View\View.php(224): include('C:\\xampp\\htdocs\\programadorWebAvanzado\\activad-obligatoria-1\\app\\Views\\index.php')
 3 SYSTEMPATH\View\View.php(227): CodeIgniter\View\View->CodeIgniter\View\{closure}()
 4 SYSTEMPATH\Common.php(1180): CodeIgniter\View\View->render('index', [], true)
 5 APPPATH\Controllers\Inicio.php(12): view('index', [...])
 6 SYSTEMPATH\CodeIgniter.php(932): App\Controllers\Inicio->index()
 7 SYSTEMPATH\CodeIgniter.php(497): CodeIgniter\CodeIgniter->runController(Object(App\Controllers\Inicio))
 8 SYSTEMPATH\CodeIgniter.php(366): CodeIgniter\CodeIgniter->handleRequest(null, Object(Config\Cache), false)
 9 FCPATH\index.php(67): CodeIgniter\CodeIgniter->run()
CRITICAL - 2023-07-04 16:58:54 --> Undefined property: stdClass::$ruta_imagen
in APPPATH\Views\index.php on line 45.
 1 APPPATH\Views\index.php(45): CodeIgniter\Debug\Exceptions->errorHandler(2, 'Undefined property: stdClass::$ruta_imagen', 'C:\\xampp\\htdocs\\programadorWebAvanzado\\activad-obligatoria-1\\app\\Views\\index.php', 45)
 2 SYSTEMPATH\View\View.php(224): include('C:\\xampp\\htdocs\\programadorWebAvanzado\\activad-obligatoria-1\\app\\Views\\index.php')
 3 SYSTEMPATH\View\View.php(227): CodeIgniter\View\View->CodeIgniter\View\{closure}()
 4 SYSTEMPATH\Common.php(1180): CodeIgniter\View\View->render('index', [], true)
 5 APPPATH\Controllers\Inicio.php(12): view('index', [...])
 6 SYSTEMPATH\CodeIgniter.php(932): App\Controllers\Inicio->index()
 7 SYSTEMPATH\CodeIgniter.php(497): CodeIgniter\CodeIgniter->runController(Object(App\Controllers\Inicio))
 8 SYSTEMPATH\CodeIgniter.php(366): CodeIgniter\CodeIgniter->handleRequest(null, Object(Config\Cache), false)
 9 FCPATH\index.php(67): CodeIgniter\CodeIgniter->run()
10 SYSTEMPATH\Commands\Server\rewrite.php(47): require_once('C:\\xampp\\htdocs\\programadorWebAvanzado\\activad-obligatoria-1\\public\\index.php')
CRITICAL - 2023-07-04 16:59:05 --> Undefined property: stdClass::$ruta_imagen
in APPPATH\Views\index.php on line 45.
 1 APPPATH\Views\index.php(45): CodeIgniter\Debug\Exceptions->errorHandler(2, 'Undefined property: stdClass::$ruta_imagen', 'C:\\xampp\\htdocs\\programadorWebAvanzado\\activad-obligatoria-1\\app\\Views\\index.php', 45)
 2 SYSTEMPATH\View\View.php(224): include('C:\\xampp\\htdocs\\programadorWebAvanzado\\activad-obligatoria-1\\app\\Views\\index.php')
 3 SYSTEMPATH\View\View.php(227): CodeIgniter\View\View->CodeIgniter\View\{closure}()
 4 SYSTEMPATH\Common.php(1180): CodeIgniter\View\View->render('index', [], true)
 5 APPPATH\Controllers\Inicio.php(12): view('index', [...])
 6 SYSTEMPATH\CodeIgniter.php(932): App\Controllers\Inicio->index()
 7 SYSTEMPATH\CodeIgniter.php(497): CodeIgniter\CodeIgniter->runController(Object(App\Controllers\Inicio))
 8 SYSTEMPATH\CodeIgniter.php(366): CodeIgniter\CodeIgniter->handleRequest(null, Object(Config\Cache), false)
 9 FCPATH\index.php(67): CodeIgniter\CodeIgniter->run()
10 SYSTEMPATH\Commands\Server\rewrite.php(47): require_once('C:\\xampp\\htdocs\\programadorWebAvanzado\\activad-obligatoria-1\\public\\index.php')
CRITICAL - 2023-07-04 17:03:19 --> Undefined property: stdClass::$ruta_imagen
in APPPATH\Views\index.php on line 45.
 1 APPPATH\Views\index.php(45): CodeIgniter\Debug\Exceptions->errorHandler(2, 'Undefined property: stdClass::$ruta_imagen', 'C:\\xampp\\htdocs\\programadorWebAvanzado\\activad-obligatoria-1\\app\\Views\\index.php', 45)
 2 SYSTEMPATH\View\View.php(224): include('C:\\xampp\\htdocs\\programadorWebAvanzado\\activad-obligatoria-1\\app\\Views\\index.php')
 3 SYSTEMPATH\View\View.php(227): CodeIgniter\View\View->CodeIgniter\View\{closure}()
 4 SYSTEMPATH\Common.php(1180): CodeIgniter\View\View->render('index', [], true)
 5 APPPATH\Controllers\Inicio.php(12): view('index', [...])
 6 SYSTEMPATH\CodeIgniter.php(932): App\Controllers\Inicio->index()
 7 SYSTEMPATH\CodeIgniter.php(497): CodeIgniter\CodeIgniter->runController(Object(App\Controllers\Inicio))
 8 SYSTEMPATH\CodeIgniter.php(366): CodeIgniter\CodeIgniter->handleRequest(null, Object(Config\Cache), false)
 9 FCPATH\index.php(67): CodeIgniter\CodeIgniter->run()
10 SYSTEMPATH\Commands\Server\rewrite.php(47): require_once('C:\\xampp\\htdocs\\programadorWebAvanzado\\activad-obligatoria-1\\public\\index.php')
CRITICAL - 2023-07-04 17:03:55 --> Undefined property: stdClass::$ruta_imagen
in APPPATH\Views\index.php on line 45.
 1 APPPATH\Views\index.php(45): CodeIgniter\Debug\Exceptions->errorHandler(2, 'Undefined property: stdClass::$ruta_imagen', 'C:\\xampp\\htdocs\\programadorWebAvanzado\\activad-obligatoria-1\\app\\Views\\index.php', 45)
 2 SYSTEMPATH\View\View.php(224): include('C:\\xampp\\htdocs\\programadorWebAvanzado\\activad-obligatoria-1\\app\\Views\\index.php')
 3 SYSTEMPATH\View\View.php(227): CodeIgniter\View\View->CodeIgniter\View\{closure}()
 4 SYSTEMPATH\Common.php(1180): CodeIgniter\View\View->render('index', [], true)
 5 APPPATH\Controllers\Inicio.php(12): view('index', [...])
 6 SYSTEMPATH\CodeIgniter.php(932): App\Controllers\Inicio->index()
 7 SYSTEMPATH\CodeIgniter.php(497): CodeIgniter\CodeIgniter->runController(Object(App\Controllers\Inicio))
 8 SYSTEMPATH\CodeIgniter.php(366): CodeIgniter\CodeIgniter->handleRequest(null, Object(Config\Cache), false)
 9 FCPATH\index.php(67): CodeIgniter\CodeIgniter->run()
CRITICAL - 2023-07-04 17:04:42 --> Undefined property: stdClass::$ruta_imagen
in APPPATH\Views\index.php on line 45.
 1 APPPATH\Views\index.php(45): CodeIgniter\Debug\Exceptions->errorHandler(2, 'Undefined property: stdClass::$ruta_imagen', 'C:\\xampp\\htdocs\\programadorWebAvanzado\\activad-obligatoria-1\\app\\Views\\index.php', 45)
 2 SYSTEMPATH\View\View.php(224): include('C:\\xampp\\htdocs\\programadorWebAvanzado\\activad-obligatoria-1\\app\\Views\\index.php')
 3 SYSTEMPATH\View\View.php(227): CodeIgniter\View\View->CodeIgniter\View\{closure}()
 4 SYSTEMPATH\Common.php(1180): CodeIgniter\View\View->render('index', [], true)
 5 APPPATH\Controllers\Inicio.php(12): view('index', [...])
 6 SYSTEMPATH\CodeIgniter.php(932): App\Controllers\Inicio->index()
 7 SYSTEMPATH\CodeIgniter.php(497): CodeIgniter\CodeIgniter->runController(Object(App\Controllers\Inicio))
 8 SYSTEMPATH\CodeIgniter.php(366): CodeIgniter\CodeIgniter->handleRequest(null, Object(Config\Cache), false)
 9 FCPATH\index.php(67): CodeIgniter\CodeIgniter->run()
CRITICAL - 2023-07-04 17:04:42 --> Undefined property: stdClass::$ruta_imagen
in APPPATH\Views\index.php on line 45.
 1 APPPATH\Views\index.php(45): CodeIgniter\Debug\Exceptions->errorHandler(2, 'Undefined property: stdClass::$ruta_imagen', 'C:\\xampp\\htdocs\\programadorWebAvanzado\\activad-obligatoria-1\\app\\Views\\index.php', 45)
 2 SYSTEMPATH\View\View.php(224): include('C:\\xampp\\htdocs\\programadorWebAvanzado\\activad-obligatoria-1\\app\\Views\\index.php')
 3 SYSTEMPATH\View\View.php(227): CodeIgniter\View\View->CodeIgniter\View\{closure}()
 4 SYSTEMPATH\Common.php(1180): CodeIgniter\View\View->render('index', [], true)
 5 APPPATH\Controllers\Inicio.php(12): view('index', [...])
 6 SYSTEMPATH\CodeIgniter.php(932): App\Controllers\Inicio->index()
 7 SYSTEMPATH\CodeIgniter.php(497): CodeIgniter\CodeIgniter->runController(Object(App\Controllers\Inicio))
 8 SYSTEMPATH\CodeIgniter.php(366): CodeIgniter\CodeIgniter->handleRequest(null, Object(Config\Cache), false)
 9 FCPATH\index.php(67): CodeIgniter\CodeIgniter->run()
